<?xml version="1.0" encoding="UTF-8"?>
<testsuite name="com.fastcampus.loan.service.TermsServiceTest" tests="1" skipped="0" failures="0" errors="0" timestamp="2025-01-28T09:24:26" hostname="gimnaghyeon-ui-MacBookPro.local" time="0.369">
  <properties/>
  <testcase name="Should_ReturnAllResponseOfExistTernsEntities_When_RequestTermsList()" classname="com.fastcampus.loan.service.TermsServiceTest" time="0.369"/>
  <system-out><![CDATA[]]></system-out>
  <system-err><![CDATA[]]></system-err>
</testsuite>
